<?xml version="1.0" encoding="UTF-8"?>
<!-- Generated by org.testng.reporters.JUnitReportReporter -->
<testsuite hostname="DESKTOP-EFLV044" failures="1" tests="4" name="homerental_automationTest.RegisterHomeInPOMTest" time="9.834" errors="0" timestamp="2023-07-10T15:38:55 IST" skipped="3">
  <testcase classname="homerental_automationTest.RegisterHomeInPOMTest" name="registerHomeTest" time="2.040">
    <skipped/>
  </testcase> <!-- registerHomeTest -->
  <system-out/>
  <testcase classname="homerental_automationTest.RegisterHomeInPOMTest" name="registerHomeTest" time="3.256">
    <failure message="null" type="java.lang.AssertionError">
      <![CDATA[java.lang.AssertionError: null
at org.testng.Assert.fail(Assert.java:99)
at org.testng.Assert.fail(Assert.java:106)
at homerental_automationTest.RegisterHomeInPOMTest.registerHomeTest(RegisterHomeInPOMTest.java:34)
at java.base/jdk.internal.reflect.DirectMethodHandleAccessor.invoke(DirectMethodHandleAccessor.java:104)
at java.base/java.lang.reflect.Method.invoke(Method.java:578)
at org.testng.internal.MethodInvocationHelper.invokeMethod(MethodInvocationHelper.java:133)
at org.testng.internal.TestInvoker.invokeMethod(TestInvoker.java:598)
at org.testng.internal.TestInvoker.retryFailed(TestInvoker.java:213)
at org.testng.internal.MethodRunner.runInSequence(MethodRunner.java:58)
at org.testng.internal.TestInvoker$MethodInvocationAgent.invoke(TestInvoker.java:824)
at org.testng.internal.TestInvoker.invokeTestMethods(TestInvoker.java:146)
at org.testng.internal.TestMethodWorker.invokeTestMethods(TestMethodWorker.java:146)
at org.testng.internal.TestMethodWorker.run(TestMethodWorker.java:128)
at java.base/java.util.concurrent.ThreadPoolExecutor.runWorker(ThreadPoolExecutor.java:1144)
at java.base/java.util.concurrent.ThreadPoolExecutor$Worker.run(ThreadPoolExecutor.java:642)
at java.base/java.lang.Thread.run(Thread.java:1589)
]]>
    </failure>
  </testcase> <!-- registerHomeTest -->
  <system-out/>
  <testcase classname="homerental_automationTest.RegisterHomeInPOMTest" name="registerHomeTest" time="2.809">
    <skipped/>
  </testcase> <!-- registerHomeTest -->
  <system-out/>
  <testcase classname="homerental_automationTest.RegisterHomeInPOMTest" name="registerHomeTest" time="1.729">
    <skipped/>
  </testcase> <!-- registerHomeTest -->
  <system-out/>
</testsuite> <!-- homerental_automationTest.RegisterHomeInPOMTest -->
